<?xml version="1.0" encoding="UTF-8"?>
<!-- Generated by org.testng.reporters.JUnitReportReporter -->
<testsuite hostname="LAPTOP-IVB62MT9" failures="0" tests="2" name="testNG.Testng1" time="93.300" errors="0" timestamp="02 Aug 2022 07:03:23 GMT" skipped="0">
  <testcase classname="testNG.Testng1" name="scenarioOne" time="56.951"/>
  <testcase classname="testNG.Testng1" name="scenarioOne" time="36.349"/>
</testsuite> <!-- testNG.Testng1 -->
